<?xml version="1.0" encoding="UTF-8"?>
<testsuites>
  <testsuite name="50000 HelloWorld Test" timestamp="2022-10-09T06:56:29" hostname="bc3213188636" time="5.31" tests="1" errors="0" failures="0" skipped="0">
    <properties>
      <property name="processinfo.start" value="{ &quot;CPU&quot;: &quot;54.781&quot;, &quot;Free Memory (Gb)&quot;: &quot;2.4&quot; }" />
      <property name="extensionid" value="192d24b9-1276-4850-8047-716dce8a4c20" />
      <property name="platform.info" value="{ &quot;Version&quot;: &quot;21.0.46384.47553&quot; }" />
      <property name="app.info" value="{ &quot;Name&quot;: &quot;_Exclude_SyncBaseApp_&quot;, &quot;Publisher&quot;: &quot;Microsoft&quot;, &quot;Version&quot;: &quot;21.0.46256.47556&quot; }" />
      <property name="app.info" value="{ &quot;Name&quot;: &quot;English language (New Zealand)&quot;, &quot;Publisher&quot;: &quot;Microsoft&quot;, &quot;Version&quot;: &quot;21.0.46256.47556&quot; }" />
      <property name="app.info" value="{ &quot;Name&quot;: &quot;French language (Canada)&quot;, &quot;Publisher&quot;: &quot;Microsoft&quot;, &quot;Version&quot;: &quot;21.0.46256.47556&quot; }" />
      <property name="app.info" value="{ &quot;Name&quot;: &quot;English language (United States)&quot;, &quot;Publisher&quot;: &quot;Microsoft&quot;, &quot;Version&quot;: &quot;21.0.46256.47556&quot; }" />
      <property name="app.info" value="{ &quot;Name&quot;: &quot;Spanish language (Mexico)&quot;, &quot;Publisher&quot;: &quot;Microsoft&quot;, &quot;Version&quot;: &quot;21.0.46256.47556&quot; }" />
      <property name="app.info" value="{ &quot;Name&quot;: &quot;System Application&quot;, &quot;Publisher&quot;: &quot;Microsoft&quot;, &quot;Version&quot;: &quot;21.0.46256.47556&quot; }" />
      <property name="app.info" value="{ &quot;Name&quot;: &quot;Spanish language (Spain)&quot;, &quot;Publisher&quot;: &quot;Microsoft&quot;, &quot;Version&quot;: &quot;21.0.46256.47556&quot; }" />
      <property name="app.info" value="{ &quot;Name&quot;: &quot;_Exclude_PlanConfiguration_&quot;, &quot;Publisher&quot;: &quot;Microsoft&quot;, &quot;Version&quot;: &quot;21.0.46256.47556&quot; }" />
      <property name="app.info" value="{ &quot;Name&quot;: &quot;app1.Test2&quot;, &quot;Publisher&quot;: &quot;Freddy&quot;, &quot;Version&quot;: &quot;1.0.131.0&quot; }" />
      <property name="app.info" value="{ &quot;Name&quot;: &quot;Email - Outlook REST API&quot;, &quot;Publisher&quot;: &quot;Microsoft&quot;, &quot;Version&quot;: &quot;21.0.46256.47556&quot; }" />
      <property name="app.info" value="{ &quot;Name&quot;: &quot;Performance Toolkit&quot;, &quot;Publisher&quot;: &quot;Microsoft&quot;, &quot;Version&quot;: &quot;21.0.46256.47556&quot; }" />
      <property name="app.info" value="{ &quot;Name&quot;: &quot;Application&quot;, &quot;Publisher&quot;: &quot;Microsoft&quot;, &quot;Version&quot;: &quot;21.0.46256.47556&quot; }" />
      <property name="app.info" value="{ &quot;Name&quot;: &quot;Essential Business Headlines&quot;, &quot;Publisher&quot;: &quot;Microsoft&quot;, &quot;Version&quot;: &quot;21.0.46256.47556&quot; }" />
      <property name="app.info" value="{ &quot;Name&quot;: &quot;API Reports - Finance&quot;, &quot;Publisher&quot;: &quot;Microsoft&quot;, &quot;Version&quot;: &quot;21.0.46256.47556&quot; }" />
      <property name="app.info" value="{ &quot;Name&quot;: &quot;English language (Australia)&quot;, &quot;Publisher&quot;: &quot;Microsoft&quot;, &quot;Version&quot;: &quot;21.0.46256.47556&quot; }" />
      <property name="app.info" value="{ &quot;Name&quot;: &quot;Library Assert&quot;, &quot;Publisher&quot;: &quot;Microsoft&quot;, &quot;Version&quot;: &quot;21.0.46256.47556&quot; }" />
      <property name="app.info" value="{ &quot;Name&quot;: &quot;_Exclude_Microsoft Dynamics 365 - SmartList&quot;, &quot;Publisher&quot;: &quot;Microsoft&quot;, &quot;Version&quot;: &quot;21.0.46256.47556&quot; }" />
      <property name="app.info" value="{ &quot;Name&quot;: &quot;French language (France)&quot;, &quot;Publisher&quot;: &quot;Microsoft&quot;, &quot;Version&quot;: &quot;21.0.46256.47556&quot; }" />
      <property name="app.info" value="{ &quot;Name&quot;: &quot;BingMaps.PTE&quot;, &quot;Publisher&quot;: &quot;Freddy Kristiansen&quot;, &quot;Version&quot;: &quot;4.2.273.0&quot; }" />
      <property name="app.info" value="{ &quot;Name&quot;: &quot;_Exclude_Bank Deposits&quot;, &quot;Publisher&quot;: &quot;Microsoft&quot;, &quot;Version&quot;: &quot;21.0.46256.47556&quot; }" />
      <property name="app.info" value="{ &quot;Name&quot;: &quot;Norwegian language (Norway)&quot;, &quot;Publisher&quot;: &quot;Microsoft&quot;, &quot;Version&quot;: &quot;21.0.46256.47556&quot; }" />
      <property name="app.info" value="{ &quot;Name&quot;: &quot;Contoso Coffee Demo Dataset&quot;, &quot;Publisher&quot;: &quot;Microsoft&quot;, &quot;Version&quot;: &quot;21.0.46256.47556&quot; }" />
      <property name="app.info" value="{ &quot;Name&quot;: &quot;Sales and Inventory Forecast&quot;, &quot;Publisher&quot;: &quot;Microsoft&quot;, &quot;Version&quot;: &quot;21.0.46256.47556&quot; }" />
      <property name="app.info" value="{ &quot;Name&quot;: &quot;French language (Belgium)&quot;, &quot;Publisher&quot;: &quot;Microsoft&quot;, &quot;Version&quot;: &quot;21.0.46256.47556&quot; }" />
      <property name="app.info" value="{ &quot;Name&quot;: &quot;Shopify Connector&quot;, &quot;Publisher&quot;: &quot;Microsoft&quot;, &quot;Version&quot;: &quot;21.0.46256.47556&quot; }" />
      <property name="app.info" value="{ &quot;Name&quot;: &quot;English language (United Kingdom)&quot;, &quot;Publisher&quot;: &quot;Microsoft&quot;, &quot;Version&quot;: &quot;21.0.46256.47556&quot; }" />
      <property name="app.info" value="{ &quot;Name&quot;: &quot;Dynamics GP History SmartLists&quot;, &quot;Publisher&quot;: &quot;Microsoft&quot;, &quot;Version&quot;: &quot;21.0.46256.47556&quot; }" />
      <property name="app.info" value="{ &quot;Name&quot;: &quot;English language (Canada)&quot;, &quot;Publisher&quot;: &quot;Microsoft&quot;, &quot;Version&quot;: &quot;21.0.46256.47556&quot; }" />
      <property name="app.info" value="{ &quot;Name&quot;: &quot;Italian language (Switzerland)&quot;, &quot;Publisher&quot;: &quot;Microsoft&quot;, &quot;Version&quot;: &quot;21.0.46256.47556&quot; }" />
      <property name="app.info" value="{ &quot;Name&quot;: &quot;_Exclude_Email Logging Using Graph API&quot;, &quot;Publisher&quot;: &quot;Microsoft&quot;, &quot;Version&quot;: &quot;21.0.46256.47556&quot; }" />
      <property name="app.info" value="{ &quot;Name&quot;: &quot;Data Archive&quot;, &quot;Publisher&quot;: &quot;Microsoft&quot;, &quot;Version&quot;: &quot;21.0.46256.47556&quot; }" />
      <property name="app.info" value="{ &quot;Name&quot;: &quot;Payment Links to PayPal&quot;, &quot;Publisher&quot;: &quot;Microsoft&quot;, &quot;Version&quot;: &quot;21.0.46256.47556&quot; }" />
      <property name="app.info" value="{ &quot;Name&quot;: &quot;German language (Germany)&quot;, &quot;Publisher&quot;: &quot;Microsoft&quot;, &quot;Version&quot;: &quot;21.0.46256.47556&quot; }" />
      <property name="app.info" value="{ &quot;Name&quot;: &quot;Import of QuickBooks Payroll Files&quot;, &quot;Publisher&quot;: &quot;Microsoft&quot;, &quot;Version&quot;: &quot;21.0.46256.47556&quot; }" />
      <property name="app.info" value="{ &quot;Name&quot;: &quot;app1&quot;, &quot;Publisher&quot;: &quot;Freddy&quot;, &quot;Version&quot;: &quot;1.2.129.0&quot; }" />
      <property name="app.info" value="{ &quot;Name&quot;: &quot;Company Hub&quot;, &quot;Publisher&quot;: &quot;Microsoft&quot;, &quot;Version&quot;: &quot;21.0.46256.47556&quot; }" />
      <property name="app.info" value="{ &quot;Name&quot;: &quot;Icelandic language (Iceland)&quot;, &quot;Publisher&quot;: &quot;Microsoft&quot;, &quot;Version&quot;: &quot;21.0.46256.47556&quot; }" />
      <property name="app.info" value="{ &quot;Name&quot;: &quot;Email - Microsoft 365 Connector&quot;, &quot;Publisher&quot;: &quot;Microsoft&quot;, &quot;Version&quot;: &quot;21.0.46256.47556&quot; }" />
      <property name="app.info" value="{ &quot;Name&quot;: &quot;Migration of QuickBooks Data&quot;, &quot;Publisher&quot;: &quot;Microsoft&quot;, &quot;Version&quot;: &quot;21.0.46256.47556&quot; }" />
      <property name="app.info" value="{ &quot;Name&quot;: &quot;Dynamics GP Intelligent Cloud&quot;, &quot;Publisher&quot;: &quot;Microsoft&quot;, &quot;Version&quot;: &quot;21.0.46256.47556&quot; }" />
      <property name="app.info" value="{ &quot;Name&quot;: &quot;Intelligent Cloud Base&quot;, &quot;Publisher&quot;: &quot;Microsoft&quot;, &quot;Version&quot;: &quot;21.0.46256.47556&quot; }" />
      <property name="app.info" value="{ &quot;Name&quot;: &quot;German language (Switzerland)&quot;, &quot;Publisher&quot;: &quot;Microsoft&quot;, &quot;Version&quot;: &quot;21.0.46256.47556&quot; }" />
      <property name="app.info" value="{ &quot;Name&quot;: &quot;Simplified Bank Statement Import&quot;, &quot;Publisher&quot;: &quot;Microsoft&quot;, &quot;Version&quot;: &quot;21.0.46256.47556&quot; }" />
      <property name="app.info" value="{ &quot;Name&quot;: &quot;AMC Banking 365 Fundamentals&quot;, &quot;Publisher&quot;: &quot;Microsoft&quot;, &quot;Version&quot;: &quot;21.0.46256.47556&quot; }" />
      <property name="app.info" value="{ &quot;Name&quot;: &quot;app1&quot;, &quot;Publisher&quot;: &quot;Freddy&quot;, &quot;Version&quot;: &quot;1.2.131.0&quot; }" />
      <property name="app.info" value="{ &quot;Name&quot;: &quot;Troubleshoot FA Ledger Entries&quot;, &quot;Publisher&quot;: &quot;Microsoft&quot;, &quot;Version&quot;: &quot;21.0.46256.47556&quot; }" />
      <property name="app.info" value="{ &quot;Name&quot;: &quot;French language (Switzerland)&quot;, &quot;Publisher&quot;: &quot;Microsoft&quot;, &quot;Version&quot;: &quot;21.0.46256.47556&quot; }" />
      <property name="app.info" value="{ &quot;Name&quot;: &quot;Email - Current User Connector&quot;, &quot;Publisher&quot;: &quot;Microsoft&quot;, &quot;Version&quot;: &quot;21.0.46256.47556&quot; }" />
      <property name="app.info" value="{ &quot;Name&quot;: &quot;DIOT - Localization for Mexico&quot;, &quot;Publisher&quot;: &quot;Microsoft&quot;, &quot;Version&quot;: &quot;21.0.46256.47556&quot; }" />
      <property name="app.info" value="{ &quot;Name&quot;: &quot;Business Central Cloud Migration - Previous Release (US)&quot;, &quot;Publisher&quot;: &quot;Microsoft&quot;, &quot;Version&quot;: &quot;21.0.46256.47556&quot; }" />
      <property name="app.info" value="{ &quot;Name&quot;: &quot;_Exclude_ReportLayouts&quot;, &quot;Publisher&quot;: &quot;Microsoft&quot;, &quot;Version&quot;: &quot;21.0.46256.47556&quot; }" />
      <property name="app.info" value="{ &quot;Name&quot;: &quot;Italian language (Italy)&quot;, &quot;Publisher&quot;: &quot;Microsoft&quot;, &quot;Version&quot;: &quot;21.0.46256.47556&quot; }" />
      <property name="app.info" value="{ &quot;Name&quot;: &quot;_Exclude_APIV1_&quot;, &quot;Publisher&quot;: &quot;Microsoft&quot;, &quot;Version&quot;: &quot;21.0.46256.47556&quot; }" />
      <property name="app.info" value="{ &quot;Name&quot;: &quot;Common&quot;, &quot;Publisher&quot;: &quot;Freddy&quot;, &quot;Version&quot;: &quot;1.1.21.0&quot; }" />
      <property name="app.info" value="{ &quot;Name&quot;: &quot;Email - SMTP Connector&quot;, &quot;Publisher&quot;: &quot;Microsoft&quot;, &quot;Version&quot;: &quot;21.0.46256.47556&quot; }" />
      <property name="app.info" value="{ &quot;Name&quot;: &quot;Ceridian Payroll&quot;, &quot;Publisher&quot;: &quot;Microsoft&quot;, &quot;Version&quot;: &quot;21.0.46256.47556&quot; }" />
      <property name="app.info" value="{ &quot;Name&quot;: &quot;_Exclude_Connectivity Apps&quot;, &quot;Publisher&quot;: &quot;Microsoft&quot;, &quot;Version&quot;: &quot;21.0.46256.47556&quot; }" />
      <property name="app.info" value="{ &quot;Name&quot;: &quot;Data Search&quot;, &quot;Publisher&quot;: &quot;Microsoft&quot;, &quot;Version&quot;: &quot;21.0.46256.47556&quot; }" />
      <property name="app.info" value="{ &quot;Name&quot;: &quot;Any&quot;, &quot;Publisher&quot;: &quot;Microsoft&quot;, &quot;Version&quot;: &quot;21.0.46256.47556&quot; }" />
      <property name="app.info" value="{ &quot;Name&quot;: &quot;Business Central Cloud Migration - Previous Release&quot;, &quot;Publisher&quot;: &quot;Microsoft&quot;, &quot;Version&quot;: &quot;21.0.46256.47556&quot; }" />
      <property name="app.info" value="{ &quot;Name&quot;: &quot;Finnish language (Finland)&quot;, &quot;Publisher&quot;: &quot;Microsoft&quot;, &quot;Version&quot;: &quot;21.0.46256.47556&quot; }" />
      <property name="app.info" value="{ &quot;Name&quot;: &quot;PublicDependencyApp&quot;, &quot;Publisher&quot;: &quot;Freddy&quot;, &quot;Version&quot;: &quot;1.0.4.0&quot; }" />
      <property name="app.info" value="{ &quot;Name&quot;: &quot;Business Central Cloud Migration API&quot;, &quot;Publisher&quot;: &quot;Microsoft&quot;, &quot;Version&quot;: &quot;21.0.46256.47556&quot; }" />
      <property name="app.info" value="{ &quot;Name&quot;: &quot;Permissions Mock&quot;, &quot;Publisher&quot;: &quot;Microsoft&quot;, &quot;Version&quot;: &quot;21.0.46256.47556&quot; }" />
      <property name="app.info" value="{ &quot;Name&quot;: &quot;Contoso Coffee Demo Dataset (US)&quot;, &quot;Publisher&quot;: &quot;Microsoft&quot;, &quot;Version&quot;: &quot;21.0.46256.47556&quot; }" />
      <property name="app.info" value="{ &quot;Name&quot;: &quot;_Exclude_ClientAddIns_&quot;, &quot;Publisher&quot;: &quot;Microsoft&quot;, &quot;Version&quot;: &quot;21.0.46256.47556&quot; }" />
      <property name="app.info" value="{ &quot;Name&quot;: &quot;Send To Email Printer&quot;, &quot;Publisher&quot;: &quot;Microsoft&quot;, &quot;Version&quot;: &quot;21.0.46256.47556&quot; }" />
      <property name="app.info" value="{ &quot;Name&quot;: &quot;app1.Test&quot;, &quot;Publisher&quot;: &quot;Freddy&quot;, &quot;Version&quot;: &quot;1.2.131.0&quot; }" />
      <property name="app.info" value="{ &quot;Name&quot;: &quot;Dutch language (Netherlands)&quot;, &quot;Publisher&quot;: &quot;Microsoft&quot;, &quot;Version&quot;: &quot;21.0.46256.47556&quot; }" />
      <property name="app.info" value="{ &quot;Name&quot;: &quot;App1Base&quot;, &quot;Publisher&quot;: &quot;Freddy&quot;, &quot;Version&quot;: &quot;1.2.129.0&quot; }" />
      <property name="app.info" value="{ &quot;Name&quot;: &quot;Recommended Apps&quot;, &quot;Publisher&quot;: &quot;Microsoft&quot;, &quot;Version&quot;: &quot;21.0.46256.47556&quot; }" />
      <property name="app.info" value="{ &quot;Name&quot;: &quot;Universal Print Integration&quot;, &quot;Publisher&quot;: &quot;Microsoft&quot;, &quot;Version&quot;: &quot;21.0.46256.47556&quot; }" />
      <property name="app.info" value="{ &quot;Name&quot;: &quot;Danish language (Denmark)&quot;, &quot;Publisher&quot;: &quot;Microsoft&quot;, &quot;Version&quot;: &quot;21.0.46256.47556&quot; }" />
      <property name="app.info" value="{ &quot;Name&quot;: &quot;Send remittance advice by email&quot;, &quot;Publisher&quot;: &quot;Microsoft&quot;, &quot;Version&quot;: &quot;21.0.46256.47556&quot; }" />
      <property name="app.info" value="{ &quot;Name&quot;: &quot;_Exclude_AnonymizedDataSharing_&quot;, &quot;Publisher&quot;: &quot;Microsoft&quot;, &quot;Version&quot;: &quot;21.0.46256.47556&quot; }" />
      <property name="app.info" value="{ &quot;Name&quot;: &quot;Image Analyzer&quot;, &quot;Publisher&quot;: &quot;Microsoft&quot;, &quot;Version&quot;: &quot;21.0.46256.47556&quot; }" />
      <property name="app.info" value="{ &quot;Name&quot;: &quot;Russian language (Russia)&quot;, &quot;Publisher&quot;: &quot;Microsoft&quot;, &quot;Version&quot;: &quot;21.0.46256.47556&quot; }" />
      <property name="app.info" value="{ &quot;Name&quot;: &quot;_Exclude_APIV2_&quot;, &quot;Publisher&quot;: &quot;Microsoft&quot;, &quot;Version&quot;: &quot;21.0.46256.47556&quot; }" />
      <property name="app.info" value="{ &quot;Name&quot;: &quot;Library Variable Storage&quot;, &quot;Publisher&quot;: &quot;Microsoft&quot;, &quot;Version&quot;: &quot;21.0.46256.47556&quot; }" />
      <property name="app.info" value="{ &quot;Name&quot;: &quot;Microsoft Pay Payments&quot;, &quot;Publisher&quot;: &quot;Microsoft&quot;, &quot;Version&quot;: &quot;21.0.46256.47556&quot; }" />
      <property name="app.info" value="{ &quot;Name&quot;: &quot;App1.PerformanceTest&quot;, &quot;Publisher&quot;: &quot;Freddy&quot;, &quot;Version&quot;: &quot;1.1.131.0&quot; }" />
      <property name="app.info" value="{ &quot;Name&quot;: &quot;Business Central Intelligent Cloud&quot;, &quot;Publisher&quot;: &quot;Microsoft&quot;, &quot;Version&quot;: &quot;21.0.46256.47556&quot; }" />
      <property name="app.info" value="{ &quot;Name&quot;: &quot;App1Base&quot;, &quot;Publisher&quot;: &quot;Freddy&quot;, &quot;Version&quot;: &quot;1.2.131.0&quot; }" />
      <property name="app.info" value="{ &quot;Name&quot;: &quot;Czech language (Czechia)&quot;, &quot;Publisher&quot;: &quot;Microsoft&quot;, &quot;Version&quot;: &quot;21.0.46256.47556&quot; }" />
      <property name="app.info" value="{ &quot;Name&quot;: &quot;Swedish language (Sweden)&quot;, &quot;Publisher&quot;: &quot;Microsoft&quot;, &quot;Version&quot;: &quot;21.0.46256.47556&quot; }" />
      <property name="app.info" value="{ &quot;Name&quot;: &quot;Envestnet Yodlee Bank Feeds&quot;, &quot;Publisher&quot;: &quot;Microsoft&quot;, &quot;Version&quot;: &quot;21.0.46256.47556&quot; }" />
      <property name="app.info" value="{ &quot;Name&quot;: &quot;German language (Austria)&quot;, &quot;Publisher&quot;: &quot;Microsoft&quot;, &quot;Version&quot;: &quot;21.0.46256.47556&quot; }" />
      <property name="app.info" value="{ &quot;Name&quot;: &quot;Email - SMTP API&quot;, &quot;Publisher&quot;: &quot;Microsoft&quot;, &quot;Version&quot;: &quot;21.0.46256.47556&quot; }" />
      <property name="app.info" value="{ &quot;Name&quot;: &quot;Test Runner&quot;, &quot;Publisher&quot;: &quot;Microsoft&quot;, &quot;Version&quot;: &quot;21.0.46256.47556&quot; }" />
      <property name="app.info" value="{ &quot;Name&quot;: &quot;PrivateDependencyApp&quot;, &quot;Publisher&quot;: &quot;Freddy&quot;, &quot;Version&quot;: &quot;1.0.3.0&quot; }" />
      <property name="app.info" value="{ &quot;Name&quot;: &quot;Base Application&quot;, &quot;Publisher&quot;: &quot;Microsoft&quot;, &quot;Version&quot;: &quot;21.0.46256.47556&quot; }" />
      <property name="app.info" value="{ &quot;Name&quot;: &quot;Dutch language (Belgium)&quot;, &quot;Publisher&quot;: &quot;Microsoft&quot;, &quot;Version&quot;: &quot;21.0.46256.47556&quot; }" />
      <property name="app.info" value="{ &quot;Name&quot;: &quot;Late Payment Prediction&quot;, &quot;Publisher&quot;: &quot;Microsoft&quot;, &quot;Version&quot;: &quot;21.0.46256.47556&quot; }" />
      <property name="processinfo.end" value="{ &quot;CPU&quot;: &quot;60.234&quot;, &quot;Free Memory (Gb)&quot;: &quot;2.4&quot; }" />
    </properties>
    <testcase classname="50000 HelloWorld Test" name="TestHelloWorldMessage" time="5.31" />
  </testsuite>
  <testsuite name="95000 HelloWorld Test2" timestamp="2022-10-09T06:56:38" hostname="bc3213188636" time="0.344" tests="1" errors="0" failures="0" skipped="0">
    <properties>
      <property name="processinfo.start" value="{ &quot;CPU&quot;: &quot;65.688&quot;, &quot;Free Memory (Gb)&quot;: &quot;2.2&quot; }" />
      <property name="extensionid" value="991aaa5c-8992-4193-8b6c-0a44d63b4068" />
      <property name="platform.info" value="{ &quot;Version&quot;: &quot;21.0.46384.47553&quot; }" />
      <property name="app.info" value="{ &quot;Name&quot;: &quot;_Exclude_SyncBaseApp_&quot;, &quot;Publisher&quot;: &quot;Microsoft&quot;, &quot;Version&quot;: &quot;21.0.46256.47556&quot; }" />
      <property name="app.info" value="{ &quot;Name&quot;: &quot;English language (New Zealand)&quot;, &quot;Publisher&quot;: &quot;Microsoft&quot;, &quot;Version&quot;: &quot;21.0.46256.47556&quot; }" />
      <property name="app.info" value="{ &quot;Name&quot;: &quot;French language (Canada)&quot;, &quot;Publisher&quot;: &quot;Microsoft&quot;, &quot;Version&quot;: &quot;21.0.46256.47556&quot; }" />
      <property name="app.info" value="{ &quot;Name&quot;: &quot;English language (United States)&quot;, &quot;Publisher&quot;: &quot;Microsoft&quot;, &quot;Version&quot;: &quot;21.0.46256.47556&quot; }" />
      <property name="app.info" value="{ &quot;Name&quot;: &quot;Spanish language (Mexico)&quot;, &quot;Publisher&quot;: &quot;Microsoft&quot;, &quot;Version&quot;: &quot;21.0.46256.47556&quot; }" />
      <property name="app.info" value="{ &quot;Name&quot;: &quot;System Application&quot;, &quot;Publisher&quot;: &quot;Microsoft&quot;, &quot;Version&quot;: &quot;21.0.46256.47556&quot; }" />
      <property name="app.info" value="{ &quot;Name&quot;: &quot;Spanish language (Spain)&quot;, &quot;Publisher&quot;: &quot;Microsoft&quot;, &quot;Version&quot;: &quot;21.0.46256.47556&quot; }" />
      <property name="app.info" value="{ &quot;Name&quot;: &quot;_Exclude_PlanConfiguration_&quot;, &quot;Publisher&quot;: &quot;Microsoft&quot;, &quot;Version&quot;: &quot;21.0.46256.47556&quot; }" />
      <property name="app.info" value="{ &quot;Name&quot;: &quot;app1.Test2&quot;, &quot;Publisher&quot;: &quot;Freddy&quot;, &quot;Version&quot;: &quot;1.0.131.0&quot; }" />
      <property name="app.info" value="{ &quot;Name&quot;: &quot;Email - Outlook REST API&quot;, &quot;Publisher&quot;: &quot;Microsoft&quot;, &quot;Version&quot;: &quot;21.0.46256.47556&quot; }" />
      <property name="app.info" value="{ &quot;Name&quot;: &quot;Performance Toolkit&quot;, &quot;Publisher&quot;: &quot;Microsoft&quot;, &quot;Version&quot;: &quot;21.0.46256.47556&quot; }" />
      <property name="app.info" value="{ &quot;Name&quot;: &quot;Application&quot;, &quot;Publisher&quot;: &quot;Microsoft&quot;, &quot;Version&quot;: &quot;21.0.46256.47556&quot; }" />
      <property name="app.info" value="{ &quot;Name&quot;: &quot;Essential Business Headlines&quot;, &quot;Publisher&quot;: &quot;Microsoft&quot;, &quot;Version&quot;: &quot;21.0.46256.47556&quot; }" />
      <property name="app.info" value="{ &quot;Name&quot;: &quot;API Reports - Finance&quot;, &quot;Publisher&quot;: &quot;Microsoft&quot;, &quot;Version&quot;: &quot;21.0.46256.47556&quot; }" />
      <property name="app.info" value="{ &quot;Name&quot;: &quot;English language (Australia)&quot;, &quot;Publisher&quot;: &quot;Microsoft&quot;, &quot;Version&quot;: &quot;21.0.46256.47556&quot; }" />
      <property name="app.info" value="{ &quot;Name&quot;: &quot;Library Assert&quot;, &quot;Publisher&quot;: &quot;Microsoft&quot;, &quot;Version&quot;: &quot;21.0.46256.47556&quot; }" />
      <property name="app.info" value="{ &quot;Name&quot;: &quot;_Exclude_Microsoft Dynamics 365 - SmartList&quot;, &quot;Publisher&quot;: &quot;Microsoft&quot;, &quot;Version&quot;: &quot;21.0.46256.47556&quot; }" />
      <property name="app.info" value="{ &quot;Name&quot;: &quot;French language (France)&quot;, &quot;Publisher&quot;: &quot;Microsoft&quot;, &quot;Version&quot;: &quot;21.0.46256.47556&quot; }" />
      <property name="app.info" value="{ &quot;Name&quot;: &quot;BingMaps.PTE&quot;, &quot;Publisher&quot;: &quot;Freddy Kristiansen&quot;, &quot;Version&quot;: &quot;4.2.273.0&quot; }" />
      <property name="app.info" value="{ &quot;Name&quot;: &quot;_Exclude_Bank Deposits&quot;, &quot;Publisher&quot;: &quot;Microsoft&quot;, &quot;Version&quot;: &quot;21.0.46256.47556&quot; }" />
      <property name="app.info" value="{ &quot;Name&quot;: &quot;Norwegian language (Norway)&quot;, &quot;Publisher&quot;: &quot;Microsoft&quot;, &quot;Version&quot;: &quot;21.0.46256.47556&quot; }" />
      <property name="app.info" value="{ &quot;Name&quot;: &quot;Contoso Coffee Demo Dataset&quot;, &quot;Publisher&quot;: &quot;Microsoft&quot;, &quot;Version&quot;: &quot;21.0.46256.47556&quot; }" />
      <property name="app.info" value="{ &quot;Name&quot;: &quot;Sales and Inventory Forecast&quot;, &quot;Publisher&quot;: &quot;Microsoft&quot;, &quot;Version&quot;: &quot;21.0.46256.47556&quot; }" />
      <property name="app.info" value="{ &quot;Name&quot;: &quot;French language (Belgium)&quot;, &quot;Publisher&quot;: &quot;Microsoft&quot;, &quot;Version&quot;: &quot;21.0.46256.47556&quot; }" />
      <property name="app.info" value="{ &quot;Name&quot;: &quot;Shopify Connector&quot;, &quot;Publisher&quot;: &quot;Microsoft&quot;, &quot;Version&quot;: &quot;21.0.46256.47556&quot; }" />
      <property name="app.info" value="{ &quot;Name&quot;: &quot;English language (United Kingdom)&quot;, &quot;Publisher&quot;: &quot;Microsoft&quot;, &quot;Version&quot;: &quot;21.0.46256.47556&quot; }" />
      <property name="app.info" value="{ &quot;Name&quot;: &quot;Dynamics GP History SmartLists&quot;, &quot;Publisher&quot;: &quot;Microsoft&quot;, &quot;Version&quot;: &quot;21.0.46256.47556&quot; }" />
      <property name="app.info" value="{ &quot;Name&quot;: &quot;English language (Canada)&quot;, &quot;Publisher&quot;: &quot;Microsoft&quot;, &quot;Version&quot;: &quot;21.0.46256.47556&quot; }" />
      <property name="app.info" value="{ &quot;Name&quot;: &quot;Italian language (Switzerland)&quot;, &quot;Publisher&quot;: &quot;Microsoft&quot;, &quot;Version&quot;: &quot;21.0.46256.47556&quot; }" />
      <property name="app.info" value="{ &quot;Name&quot;: &quot;_Exclude_Email Logging Using Graph API&quot;, &quot;Publisher&quot;: &quot;Microsoft&quot;, &quot;Version&quot;: &quot;21.0.46256.47556&quot; }" />
      <property name="app.info" value="{ &quot;Name&quot;: &quot;Data Archive&quot;, &quot;Publisher&quot;: &quot;Microsoft&quot;, &quot;Version&quot;: &quot;21.0.46256.47556&quot; }" />
      <property name="app.info" value="{ &quot;Name&quot;: &quot;Payment Links to PayPal&quot;, &quot;Publisher&quot;: &quot;Microsoft&quot;, &quot;Version&quot;: &quot;21.0.46256.47556&quot; }" />
      <property name="app.info" value="{ &quot;Name&quot;: &quot;German language (Germany)&quot;, &quot;Publisher&quot;: &quot;Microsoft&quot;, &quot;Version&quot;: &quot;21.0.46256.47556&quot; }" />
      <property name="app.info" value="{ &quot;Name&quot;: &quot;Import of QuickBooks Payroll Files&quot;, &quot;Publisher&quot;: &quot;Microsoft&quot;, &quot;Version&quot;: &quot;21.0.46256.47556&quot; }" />
      <property name="app.info" value="{ &quot;Name&quot;: &quot;app1&quot;, &quot;Publisher&quot;: &quot;Freddy&quot;, &quot;Version&quot;: &quot;1.2.129.0&quot; }" />
      <property name="app.info" value="{ &quot;Name&quot;: &quot;Company Hub&quot;, &quot;Publisher&quot;: &quot;Microsoft&quot;, &quot;Version&quot;: &quot;21.0.46256.47556&quot; }" />
      <property name="app.info" value="{ &quot;Name&quot;: &quot;Icelandic language (Iceland)&quot;, &quot;Publisher&quot;: &quot;Microsoft&quot;, &quot;Version&quot;: &quot;21.0.46256.47556&quot; }" />
      <property name="app.info" value="{ &quot;Name&quot;: &quot;Email - Microsoft 365 Connector&quot;, &quot;Publisher&quot;: &quot;Microsoft&quot;, &quot;Version&quot;: &quot;21.0.46256.47556&quot; }" />
      <property name="app.info" value="{ &quot;Name&quot;: &quot;Migration of QuickBooks Data&quot;, &quot;Publisher&quot;: &quot;Microsoft&quot;, &quot;Version&quot;: &quot;21.0.46256.47556&quot; }" />
      <property name="app.info" value="{ &quot;Name&quot;: &quot;Dynamics GP Intelligent Cloud&quot;, &quot;Publisher&quot;: &quot;Microsoft&quot;, &quot;Version&quot;: &quot;21.0.46256.47556&quot; }" />
      <property name="app.info" value="{ &quot;Name&quot;: &quot;Intelligent Cloud Base&quot;, &quot;Publisher&quot;: &quot;Microsoft&quot;, &quot;Version&quot;: &quot;21.0.46256.47556&quot; }" />
      <property name="app.info" value="{ &quot;Name&quot;: &quot;German language (Switzerland)&quot;, &quot;Publisher&quot;: &quot;Microsoft&quot;, &quot;Version&quot;: &quot;21.0.46256.47556&quot; }" />
      <property name="app.info" value="{ &quot;Name&quot;: &quot;Simplified Bank Statement Import&quot;, &quot;Publisher&quot;: &quot;Microsoft&quot;, &quot;Version&quot;: &quot;21.0.46256.47556&quot; }" />
      <property name="app.info" value="{ &quot;Name&quot;: &quot;AMC Banking 365 Fundamentals&quot;, &quot;Publisher&quot;: &quot;Microsoft&quot;, &quot;Version&quot;: &quot;21.0.46256.47556&quot; }" />
      <property name="app.info" value="{ &quot;Name&quot;: &quot;app1&quot;, &quot;Publisher&quot;: &quot;Freddy&quot;, &quot;Version&quot;: &quot;1.2.131.0&quot; }" />
      <property name="app.info" value="{ &quot;Name&quot;: &quot;Troubleshoot FA Ledger Entries&quot;, &quot;Publisher&quot;: &quot;Microsoft&quot;, &quot;Version&quot;: &quot;21.0.46256.47556&quot; }" />
      <property name="app.info" value="{ &quot;Name&quot;: &quot;French language (Switzerland)&quot;, &quot;Publisher&quot;: &quot;Microsoft&quot;, &quot;Version&quot;: &quot;21.0.46256.47556&quot; }" />
      <property name="app.info" value="{ &quot;Name&quot;: &quot;Email - Current User Connector&quot;, &quot;Publisher&quot;: &quot;Microsoft&quot;, &quot;Version&quot;: &quot;21.0.46256.47556&quot; }" />
      <property name="app.info" value="{ &quot;Name&quot;: &quot;DIOT - Localization for Mexico&quot;, &quot;Publisher&quot;: &quot;Microsoft&quot;, &quot;Version&quot;: &quot;21.0.46256.47556&quot; }" />
      <property name="app.info" value="{ &quot;Name&quot;: &quot;Business Central Cloud Migration - Previous Release (US)&quot;, &quot;Publisher&quot;: &quot;Microsoft&quot;, &quot;Version&quot;: &quot;21.0.46256.47556&quot; }" />
      <property name="app.info" value="{ &quot;Name&quot;: &quot;_Exclude_ReportLayouts&quot;, &quot;Publisher&quot;: &quot;Microsoft&quot;, &quot;Version&quot;: &quot;21.0.46256.47556&quot; }" />
      <property name="app.info" value="{ &quot;Name&quot;: &quot;Italian language (Italy)&quot;, &quot;Publisher&quot;: &quot;Microsoft&quot;, &quot;Version&quot;: &quot;21.0.46256.47556&quot; }" />
      <property name="app.info" value="{ &quot;Name&quot;: &quot;_Exclude_APIV1_&quot;, &quot;Publisher&quot;: &quot;Microsoft&quot;, &quot;Version&quot;: &quot;21.0.46256.47556&quot; }" />
      <property name="app.info" value="{ &quot;Name&quot;: &quot;Common&quot;, &quot;Publisher&quot;: &quot;Freddy&quot;, &quot;Version&quot;: &quot;1.1.21.0&quot; }" />
      <property name="app.info" value="{ &quot;Name&quot;: &quot;Email - SMTP Connector&quot;, &quot;Publisher&quot;: &quot;Microsoft&quot;, &quot;Version&quot;: &quot;21.0.46256.47556&quot; }" />
      <property name="app.info" value="{ &quot;Name&quot;: &quot;Ceridian Payroll&quot;, &quot;Publisher&quot;: &quot;Microsoft&quot;, &quot;Version&quot;: &quot;21.0.46256.47556&quot; }" />
      <property name="app.info" value="{ &quot;Name&quot;: &quot;_Exclude_Connectivity Apps&quot;, &quot;Publisher&quot;: &quot;Microsoft&quot;, &quot;Version&quot;: &quot;21.0.46256.47556&quot; }" />
      <property name="app.info" value="{ &quot;Name&quot;: &quot;Data Search&quot;, &quot;Publisher&quot;: &quot;Microsoft&quot;, &quot;Version&quot;: &quot;21.0.46256.47556&quot; }" />
      <property name="app.info" value="{ &quot;Name&quot;: &quot;Any&quot;, &quot;Publisher&quot;: &quot;Microsoft&quot;, &quot;Version&quot;: &quot;21.0.46256.47556&quot; }" />
      <property name="app.info" value="{ &quot;Name&quot;: &quot;Business Central Cloud Migration - Previous Release&quot;, &quot;Publisher&quot;: &quot;Microsoft&quot;, &quot;Version&quot;: &quot;21.0.46256.47556&quot; }" />
      <property name="app.info" value="{ &quot;Name&quot;: &quot;Finnish language (Finland)&quot;, &quot;Publisher&quot;: &quot;Microsoft&quot;, &quot;Version&quot;: &quot;21.0.46256.47556&quot; }" />
      <property name="app.info" value="{ &quot;Name&quot;: &quot;PublicDependencyApp&quot;, &quot;Publisher&quot;: &quot;Freddy&quot;, &quot;Version&quot;: &quot;1.0.4.0&quot; }" />
      <property name="app.info" value="{ &quot;Name&quot;: &quot;Business Central Cloud Migration API&quot;, &quot;Publisher&quot;: &quot;Microsoft&quot;, &quot;Version&quot;: &quot;21.0.46256.47556&quot; }" />
      <property name="app.info" value="{ &quot;Name&quot;: &quot;Permissions Mock&quot;, &quot;Publisher&quot;: &quot;Microsoft&quot;, &quot;Version&quot;: &quot;21.0.46256.47556&quot; }" />
      <property name="app.info" value="{ &quot;Name&quot;: &quot;Contoso Coffee Demo Dataset (US)&quot;, &quot;Publisher&quot;: &quot;Microsoft&quot;, &quot;Version&quot;: &quot;21.0.46256.47556&quot; }" />
      <property name="app.info" value="{ &quot;Name&quot;: &quot;_Exclude_ClientAddIns_&quot;, &quot;Publisher&quot;: &quot;Microsoft&quot;, &quot;Version&quot;: &quot;21.0.46256.47556&quot; }" />
      <property name="app.info" value="{ &quot;Name&quot;: &quot;Send To Email Printer&quot;, &quot;Publisher&quot;: &quot;Microsoft&quot;, &quot;Version&quot;: &quot;21.0.46256.47556&quot; }" />
      <property name="app.info" value="{ &quot;Name&quot;: &quot;app1.Test&quot;, &quot;Publisher&quot;: &quot;Freddy&quot;, &quot;Version&quot;: &quot;1.2.131.0&quot; }" />
      <property name="app.info" value="{ &quot;Name&quot;: &quot;Dutch language (Netherlands)&quot;, &quot;Publisher&quot;: &quot;Microsoft&quot;, &quot;Version&quot;: &quot;21.0.46256.47556&quot; }" />
      <property name="app.info" value="{ &quot;Name&quot;: &quot;App1Base&quot;, &quot;Publisher&quot;: &quot;Freddy&quot;, &quot;Version&quot;: &quot;1.2.129.0&quot; }" />
      <property name="app.info" value="{ &quot;Name&quot;: &quot;Recommended Apps&quot;, &quot;Publisher&quot;: &quot;Microsoft&quot;, &quot;Version&quot;: &quot;21.0.46256.47556&quot; }" />
      <property name="app.info" value="{ &quot;Name&quot;: &quot;Universal Print Integration&quot;, &quot;Publisher&quot;: &quot;Microsoft&quot;, &quot;Version&quot;: &quot;21.0.46256.47556&quot; }" />
      <property name="app.info" value="{ &quot;Name&quot;: &quot;Danish language (Denmark)&quot;, &quot;Publisher&quot;: &quot;Microsoft&quot;, &quot;Version&quot;: &quot;21.0.46256.47556&quot; }" />
      <property name="app.info" value="{ &quot;Name&quot;: &quot;Send remittance advice by email&quot;, &quot;Publisher&quot;: &quot;Microsoft&quot;, &quot;Version&quot;: &quot;21.0.46256.47556&quot; }" />
      <property name="app.info" value="{ &quot;Name&quot;: &quot;_Exclude_AnonymizedDataSharing_&quot;, &quot;Publisher&quot;: &quot;Microsoft&quot;, &quot;Version&quot;: &quot;21.0.46256.47556&quot; }" />
      <property name="app.info" value="{ &quot;Name&quot;: &quot;Image Analyzer&quot;, &quot;Publisher&quot;: &quot;Microsoft&quot;, &quot;Version&quot;: &quot;21.0.46256.47556&quot; }" />
      <property name="app.info" value="{ &quot;Name&quot;: &quot;Russian language (Russia)&quot;, &quot;Publisher&quot;: &quot;Microsoft&quot;, &quot;Version&quot;: &quot;21.0.46256.47556&quot; }" />
      <property name="app.info" value="{ &quot;Name&quot;: &quot;_Exclude_APIV2_&quot;, &quot;Publisher&quot;: &quot;Microsoft&quot;, &quot;Version&quot;: &quot;21.0.46256.47556&quot; }" />
      <property name="app.info" value="{ &quot;Name&quot;: &quot;Library Variable Storage&quot;, &quot;Publisher&quot;: &quot;Microsoft&quot;, &quot;Version&quot;: &quot;21.0.46256.47556&quot; }" />
      <property name="app.info" value="{ &quot;Name&quot;: &quot;Microsoft Pay Payments&quot;, &quot;Publisher&quot;: &quot;Microsoft&quot;, &quot;Version&quot;: &quot;21.0.46256.47556&quot; }" />
      <property name="app.info" value="{ &quot;Name&quot;: &quot;App1.PerformanceTest&quot;, &quot;Publisher&quot;: &quot;Freddy&quot;, &quot;Version&quot;: &quot;1.1.131.0&quot; }" />
      <property name="app.info" value="{ &quot;Name&quot;: &quot;Business Central Intelligent Cloud&quot;, &quot;Publisher&quot;: &quot;Microsoft&quot;, &quot;Version&quot;: &quot;21.0.46256.47556&quot; }" />
      <property name="app.info" value="{ &quot;Name&quot;: &quot;App1Base&quot;, &quot;Publisher&quot;: &quot;Freddy&quot;, &quot;Version&quot;: &quot;1.2.131.0&quot; }" />
      <property name="app.info" value="{ &quot;Name&quot;: &quot;Czech language (Czechia)&quot;, &quot;Publisher&quot;: &quot;Microsoft&quot;, &quot;Version&quot;: &quot;21.0.46256.47556&quot; }" />
      <property name="app.info" value="{ &quot;Name&quot;: &quot;Swedish language (Sweden)&quot;, &quot;Publisher&quot;: &quot;Microsoft&quot;, &quot;Version&quot;: &quot;21.0.46256.47556&quot; }" />
      <property name="app.info" value="{ &quot;Name&quot;: &quot;Envestnet Yodlee Bank Feeds&quot;, &quot;Publisher&quot;: &quot;Microsoft&quot;, &quot;Version&quot;: &quot;21.0.46256.47556&quot; }" />
      <property name="app.info" value="{ &quot;Name&quot;: &quot;German language (Austria)&quot;, &quot;Publisher&quot;: &quot;Microsoft&quot;, &quot;Version&quot;: &quot;21.0.46256.47556&quot; }" />
      <property name="app.info" value="{ &quot;Name&quot;: &quot;Email - SMTP API&quot;, &quot;Publisher&quot;: &quot;Microsoft&quot;, &quot;Version&quot;: &quot;21.0.46256.47556&quot; }" />
      <property name="app.info" value="{ &quot;Name&quot;: &quot;Test Runner&quot;, &quot;Publisher&quot;: &quot;Microsoft&quot;, &quot;Version&quot;: &quot;21.0.46256.47556&quot; }" />
      <property name="app.info" value="{ &quot;Name&quot;: &quot;PrivateDependencyApp&quot;, &quot;Publisher&quot;: &quot;Freddy&quot;, &quot;Version&quot;: &quot;1.0.3.0&quot; }" />
      <property name="app.info" value="{ &quot;Name&quot;: &quot;Base Application&quot;, &quot;Publisher&quot;: &quot;Microsoft&quot;, &quot;Version&quot;: &quot;21.0.46256.47556&quot; }" />
      <property name="app.info" value="{ &quot;Name&quot;: &quot;Dutch language (Belgium)&quot;, &quot;Publisher&quot;: &quot;Microsoft&quot;, &quot;Version&quot;: &quot;21.0.46256.47556&quot; }" />
      <property name="app.info" value="{ &quot;Name&quot;: &quot;Late Payment Prediction&quot;, &quot;Publisher&quot;: &quot;Microsoft&quot;, &quot;Version&quot;: &quot;21.0.46256.47556&quot; }" />
      <property name="processinfo.end" value="{ &quot;CPU&quot;: &quot;66.219&quot;, &quot;Free Memory (Gb)&quot;: &quot;2.1&quot; }" />
    </properties>
    <testcase classname="95000 HelloWorld Test2" name="TestHelloWorldMessage" time="0.344" />
  </testsuite>
</testsuites>